<?xml version="1.0" encoding="UTF-8"?>
<!-- Generated by org.testng.reporters.JUnitReportReporter -->
<testsuite hostname="LAPTOP-TFN2OMP9" failures="0" tests="1" name="com.mavenGhost.Google" time="18.532" errors="0" timestamp="2023-09-29T18:36:31 IST" skipped="0">
  <testcase classname="com.mavenGhost.Google" name="setup" time="18.532"/>
</testsuite> <!-- com.mavenGhost.Google -->
