<?xml version="1.0" encoding="UTF-8"?>
<!-- Generated by org.testng.reporters.JUnitReportReporter -->
<testsuite hostname="LAPTOP-TFN2OMP9" failures="0" tests="1" name="com.seleprac.Screenshot" time="0.105" errors="0" timestamp="2023-11-02T19:27:15 IST" skipped="0">
  <testcase classname="com.seleprac.Screenshot" name="ScreenShot" time="0.105"/>
</testsuite> <!-- com.seleprac.Screenshot -->
