<?xml version="1.0" encoding="UTF-8"?>
<!-- Generated by org.testng.reporters.JUnitReportReporter -->
<testsuite hostname="LAPTOP-TFN2OMP9" failures="0" tests="3" name="com.mavenGhost.w3School" time="22.973" errors="0" timestamp="2023-09-25T22:58:48 IST" skipped="0">
  <testcase classname="com.mavenGhost.w3School" name="titleCheck" time="0.010"/>
  <testcase classname="com.mavenGhost.w3School" name="login" time="22.878"/>
  <testcase classname="com.mavenGhost.w3School" name="checkDashboard" time="0.085"/>
</testsuite> <!-- com.mavenGhost.w3School -->
